[2023-07-08T10:57:58.803+0000] {taskinstance.py:1103} INFO - Dependencies all met for dep_context=non-requeueable deps ti=<TaskInstance: assignment.get_departed_flights_from_cdg manual__2023-07-08T10:57:57.041665+00:00 [queued]>
[2023-07-08T10:57:58.824+0000] {taskinstance.py:1103} INFO - Dependencies all met for dep_context=requeueable deps ti=<TaskInstance: assignment.get_departed_flights_from_cdg manual__2023-07-08T10:57:57.041665+00:00 [queued]>
[2023-07-08T10:57:58.824+0000] {taskinstance.py:1308} INFO - Starting attempt 1 of 1
[2023-07-08T10:57:58.847+0000] {taskinstance.py:1327} INFO - Executing <Task(_PythonDecoratedOperator): get_departed_flights_from_cdg> on 2023-07-08 10:57:57.041665+00:00
[2023-07-08T10:57:58.855+0000] {standard_task_runner.py:57} INFO - Started process 385 to run task
[2023-07-08T10:57:58.860+0000] {standard_task_runner.py:84} INFO - Running: ['***', 'tasks', 'run', 'assignment', 'get_departed_flights_from_cdg', 'manual__2023-07-08T10:57:57.041665+00:00', '--job-id', '51', '--raw', '--subdir', 'DAGS_FOLDER/assignment.py', '--cfg-path', '/tmp/tmpc5kn6kp_']
[2023-07-08T10:57:58.861+0000] {standard_task_runner.py:85} INFO - Job 51: Subtask get_departed_flights_from_cdg
[2023-07-08T10:57:58.935+0000] {task_command.py:410} INFO - Running <TaskInstance: assignment.get_departed_flights_from_cdg manual__2023-07-08T10:57:57.041665+00:00 [running]> on host da250f106141
[2023-07-08T10:57:59.087+0000] {taskinstance.py:1547} INFO - Exporting env vars: AIRFLOW_CTX_DAG_OWNER='***' AIRFLOW_CTX_DAG_ID='assignment' AIRFLOW_CTX_TASK_ID='get_departed_flights_from_cdg' AIRFLOW_CTX_EXECUTION_DATE='2023-07-08T10:57:57.041665+00:00' AIRFLOW_CTX_TRY_NUMBER='1' AIRFLOW_CTX_DAG_RUN_ID='manual__2023-07-08T10:57:57.041665+00:00'
[2023-07-08T10:57:59.499+0000] {python.py:183} INFO - Done. Returned value was: {'departures_list': [<unusual_prefix_d7f801932ebfc3226b51a346e6115af67ccae32b_assignment.FlightData object at 0x7f67a8f7a150>, <unusual_prefix_d7f801932ebfc3226b51a346e6115af67ccae32b_assignment.FlightData object at 0x7f67a8f7a190>, <unusual_prefix_d7f801932ebfc3226b51a346e6115af67ccae32b_assignment.FlightData object at 0x7f67a8f7a1d0>, <unusual_prefix_d7f801932ebfc3226b51a346e6115af67ccae32b_assignment.FlightData object at 0x7f67a8f7a210>, <unusual_prefix_d7f801932ebfc3226b51a346e6115af67ccae32b_assignment.FlightData object at 0x7f67a8f7a250>, <unusual_prefix_d7f801932ebfc3226b51a346e6115af67ccae32b_assignment.FlightData object at 0x7f67a8f7a2d0>, <unusual_prefix_d7f801932ebfc3226b51a346e6115af67ccae32b_assignment.FlightData object at 0x7f67a8f7a310>, <unusual_prefix_d7f801932ebfc3226b51a346e6115af67ccae32b_assignment.FlightData object at 0x7f67a8f7a350>, <unusual_prefix_d7f801932ebfc3226b51a346e6115af67ccae32b_assignment.FlightData object at 0x7f67a8f7a390>, <unusual_prefix_d7f801932ebfc3226b51a346e6115af67ccae32b_assignment.FlightData object at 0x7f67a8f7a290>, <unusual_prefix_d7f801932ebfc3226b51a346e6115af67ccae32b_assignment.FlightData object at 0x7f67a8f7a3d0>, <unusual_prefix_d7f801932ebfc3226b51a346e6115af67ccae32b_assignment.FlightData object at 0x7f67a8f7a410>, <unusual_prefix_d7f801932ebfc3226b51a346e6115af67ccae32b_assignment.FlightData object at 0x7f67a8f7a450>, <unusual_prefix_d7f801932ebfc3226b51a346e6115af67ccae32b_assignment.FlightData object at 0x7f67a8f7a490>, <unusual_prefix_d7f801932ebfc3226b51a346e6115af67ccae32b_assignment.FlightData object at 0x7f67a8f7a4d0>, <unusual_prefix_d7f801932ebfc3226b51a346e6115af67ccae32b_assignment.FlightData object at 0x7f67a8f7a510>, <unusual_prefix_d7f801932ebfc3226b51a346e6115af67ccae32b_assignment.FlightData object at 0x7f67a8f7a550>, <unusual_prefix_d7f801932ebfc3226b51a346e6115af67ccae32b_assignment.FlightData object at 0x7f67a8f7a590>, <unusual_prefix_d7f801932ebfc3226b51a346e6115af67ccae32b_assignment.FlightData object at 0x7f67a8f7a5d0>, <unusual_prefix_d7f801932ebfc3226b51a346e6115af67ccae32b_assignment.FlightData object at 0x7f67a8f7a610>, <unusual_prefix_d7f801932ebfc3226b51a346e6115af67ccae32b_assignment.FlightData object at 0x7f67a8f7a650>, <unusual_prefix_d7f801932ebfc3226b51a346e6115af67ccae32b_assignment.FlightData object at 0x7f67a8f7a690>, <unusual_prefix_d7f801932ebfc3226b51a346e6115af67ccae32b_assignment.FlightData object at 0x7f67a8f7a6d0>, <unusual_prefix_d7f801932ebfc3226b51a346e6115af67ccae32b_assignment.FlightData object at 0x7f67a8f7a710>, <unusual_prefix_d7f801932ebfc3226b51a346e6115af67ccae32b_assignment.FlightData object at 0x7f67a8f7a750>, <unusual_prefix_d7f801932ebfc3226b51a346e6115af67ccae32b_assignment.FlightData object at 0x7f67a8f7a790>, <unusual_prefix_d7f801932ebfc3226b51a346e6115af67ccae32b_assignment.FlightData object at 0x7f67a8f7a7d0>, <unusual_prefix_d7f801932ebfc3226b51a346e6115af67ccae32b_assignment.FlightData object at 0x7f67a8f7a810>, <unusual_prefix_d7f801932ebfc3226b51a346e6115af67ccae32b_assignment.FlightData object at 0x7f67a8f7a850>, <unusual_prefix_d7f801932ebfc3226b51a346e6115af67ccae32b_assignment.FlightData object at 0x7f67a8f7a890>, <unusual_prefix_d7f801932ebfc3226b51a346e6115af67ccae32b_assignment.FlightData object at 0x7f67a8f7a8d0>, <unusual_prefix_d7f801932ebfc3226b51a346e6115af67ccae32b_assignment.FlightData object at 0x7f67a8f7a910>, <unusual_prefix_d7f801932ebfc3226b51a346e6115af67ccae32b_assignment.FlightData object at 0x7f67a8f7a950>, <unusual_prefix_d7f801932ebfc3226b51a346e6115af67ccae32b_assignment.FlightData object at 0x7f67a8f7a990>, <unusual_prefix_d7f801932ebfc3226b51a346e6115af67ccae32b_assignment.FlightData object at 0x7f67a8f7a9d0>, <unusual_prefix_d7f801932ebfc3226b51a346e6115af67ccae32b_assignment.FlightData object at 0x7f67a8f7aa10>, <unusual_prefix_d7f801932ebfc3226b51a346e6115af67ccae32b_assignment.FlightData object at 0x7f67a8f7aa50>, <unusual_prefix_d7f801932ebfc3226b51a346e6115af67ccae32b_assignment.FlightData object at 0x7f67a8f7aa90>, <unusual_prefix_d7f801932ebfc3226b51a346e6115af67ccae32b_assignment.FlightData object at 0x7f67a8f7aad0>, <unusual_prefix_d7f801932ebfc3226b51a346e6115af67ccae32b_assignment.FlightData object at 0x7f67a8f7ab10>, <unusual_prefix_d7f801932ebfc3226b51a346e6115af67ccae32b_assignment.FlightData object at 0x7f67a8f7ab50>, <unusual_prefix_d7f801932ebfc3226b51a346e6115af67ccae32b_assignment.FlightData object at 0x7f67a8f7ab90>, <unusual_prefix_d7f801932ebfc3226b51a346e6115af67ccae32b_assignment.FlightData object at 0x7f67a8f7abd0>, <unusual_prefix_d7f801932ebfc3226b51a346e6115af67ccae32b_assignment.FlightData object at 0x7f67a8f7ac10>, <unusual_prefix_d7f801932ebfc3226b51a346e6115af67ccae32b_assignment.FlightData object at 0x7f67a8f7ac50>, <unusual_prefix_d7f801932ebfc3226b51a346e6115af67ccae32b_assignment.FlightData object at 0x7f67a8f7ac90>, <unusual_prefix_d7f801932ebfc3226b51a346e6115af67ccae32b_assignment.FlightData object at 0x7f67a8f7acd0>, <unusual_prefix_d7f801932ebfc3226b51a346e6115af67ccae32b_assignment.FlightData object at 0x7f67a8f7ad10>, <unusual_prefix_d7f801932ebfc3226b51a346e6115af67ccae32b_assignment.FlightData object at 0x7f67a8f7ad50>, <unusual_prefix_d7f801932ebfc3226b51a346e6115af67ccae32b_assignment.FlightData object at 0x7f67a8f7ad90>, <unusual_prefix_d7f801932ebfc3226b51a346e6115af67ccae32b_assignment.FlightData object at 0x7f67a8f7add0>, <unusual_prefix_d7f801932ebfc3226b51a346e6115af67ccae32b_assignment.FlightData object at 0x7f67a8f7ae10>, <unusual_prefix_d7f801932ebfc3226b51a346e6115af67ccae32b_assignment.FlightData object at 0x7f67a8f7ae50>, <unusual_prefix_d7f801932ebfc3226b51a346e6115af67ccae32b_assignment.FlightData object at 0x7f67a8f7ae90>, <unusual_prefix_d7f801932ebfc3226b51a346e6115af67ccae32b_assignment.FlightData object at 0x7f67a8f7aed0>, <unusual_prefix_d7f801932ebfc3226b51a346e6115af67ccae32b_assignment.FlightData object at 0x7f67a8f7af10>, <unusual_prefix_d7f801932ebfc3226b51a346e6115af67ccae32b_assignment.FlightData object at 0x7f67a8f7af50>, <unusual_prefix_d7f801932ebfc3226b51a346e6115af67ccae32b_assignment.FlightData object at 0x7f67a8f7af90>, <unusual_prefix_d7f801932ebfc3226b51a346e6115af67ccae32b_assignment.FlightData object at 0x7f67a8f7afd0>, <unusual_prefix_d7f801932ebfc3226b51a346e6115af67ccae32b_assignment.FlightData object at 0x7f67a8f7d050>, <unusual_prefix_d7f801932ebfc3226b51a346e6115af67ccae32b_assignment.FlightData object at 0x7f67a8f7d090>, <unusual_prefix_d7f801932ebfc3226b51a346e6115af67ccae32b_assignment.FlightData object at 0x7f67a8f7d0d0>, <unusual_prefix_d7f801932ebfc3226b51a346e6115af67ccae32b_assignment.FlightData object at 0x7f67a8f7d110>, <unusual_prefix_d7f801932ebfc3226b51a346e6115af67ccae32b_assignment.FlightData object at 0x7f67a8f7d150>, <unusual_prefix_d7f801932ebfc3226b51a346e6115af67ccae32b_assignment.FlightData object at 0x7f67a8f7d190>, <unusual_prefix_d7f801932ebfc3226b51a346e6115af67ccae32b_assignment.FlightData object at 0x7f67a8f7d1d0>, <unusual_prefix_d7f801932ebfc3226b51a346e6115af67ccae32b_assignment.FlightData object at 0x7f67a8f7d210>, <unusual_prefix_d7f801932ebfc3226b51a346e6115af67ccae32b_assignment.FlightData object at 0x7f67a8f7d250>, <unusual_prefix_d7f801932ebfc3226b51a346e6115af67ccae32b_assignment.FlightData object at 0x7f67a8f7d290>, <unusual_prefix_d7f801932ebfc3226b51a346e6115af67ccae32b_assignment.FlightData object at 0x7f67a8f7d2d0>, <unusual_prefix_d7f801932ebfc3226b51a346e6115af67ccae32b_assignment.FlightData object at 0x7f67a8f7d310>, <unusual_prefix_d7f801932ebfc3226b51a346e6115af67ccae32b_assignment.FlightData object at 0x7f67a8f7d350>, <unusual_prefix_d7f801932ebfc3226b51a346e6115af67ccae32b_assignment.FlightData object at 0x7f67a8f7d390>, <unusual_prefix_d7f801932ebfc3226b51a346e6115af67ccae32b_assignment.FlightData object at 0x7f67a8f7d3d0>, <unusual_prefix_d7f801932ebfc3226b51a346e6115af67ccae32b_assignment.FlightData object at 0x7f67a8f7d410>, <unusual_prefix_d7f801932ebfc3226b51a346e6115af67ccae32b_assignment.FlightData object at 0x7f67a8f7d450>, <unusual_prefix_d7f801932ebfc3226b51a346e6115af67ccae32b_assignment.FlightData object at 0x7f67a8f7d490>, <unusual_prefix_d7f801932ebfc3226b51a346e6115af67ccae32b_assignment.FlightData object at 0x7f67a8f7d4d0>, <unusual_prefix_d7f801932ebfc3226b51a346e6115af67ccae32b_assignment.FlightData object at 0x7f67a8f7d510>, <unusual_prefix_d7f801932ebfc3226b51a346e6115af67ccae32b_assignment.FlightData object at 0x7f67a8f7d550>, <unusual_prefix_d7f801932ebfc3226b51a346e6115af67ccae32b_assignment.FlightData object at 0x7f67a8f7d590>, <unusual_prefix_d7f801932ebfc3226b51a346e6115af67ccae32b_assignment.FlightData object at 0x7f67a8f7d5d0>, <unusual_prefix_d7f801932ebfc3226b51a346e6115af67ccae32b_assignment.FlightData object at 0x7f67a8f7d610>, <unusual_prefix_d7f801932ebfc3226b51a346e6115af67ccae32b_assignment.FlightData object at 0x7f67a8f7d650>, <unusual_prefix_d7f801932ebfc3226b51a346e6115af67ccae32b_assignment.FlightData object at 0x7f67a8f7d690>, <unusual_prefix_d7f801932ebfc3226b51a346e6115af67ccae32b_assignment.FlightData object at 0x7f67a8f7d6d0>, <unusual_prefix_d7f801932ebfc3226b51a346e6115af67ccae32b_assignment.FlightData object at 0x7f67a8f7d710>, <unusual_prefix_d7f801932ebfc3226b51a346e6115af67ccae32b_assignment.FlightData object at 0x7f67a8f7d750>, <unusual_prefix_d7f801932ebfc3226b51a346e6115af67ccae32b_assignment.FlightData object at 0x7f67a8f7d790>, <unusual_prefix_d7f801932ebfc3226b51a346e6115af67ccae32b_assignment.FlightData object at 0x7f67a8f7d7d0>, <unusual_prefix_d7f801932ebfc3226b51a346e6115af67ccae32b_assignment.FlightData object at 0x7f67a8f7d810>, <unusual_prefix_d7f801932ebfc3226b51a346e6115af67ccae32b_assignment.FlightData object at 0x7f67a8f7d850>, <unusual_prefix_d7f801932ebfc3226b51a346e6115af67ccae32b_assignment.FlightData object at 0x7f67a8f7d890>, <unusual_prefix_d7f801932ebfc3226b51a346e6115af67ccae32b_assignment.FlightData object at 0x7f67a8f7d8d0>, <unusual_prefix_d7f801932ebfc3226b51a346e6115af67ccae32b_assignment.FlightData object at 0x7f67a8f7d910>, <unusual_prefix_d7f801932ebfc3226b51a346e6115af67ccae32b_assignment.FlightData object at 0x7f67a8f7d950>, <unusual_prefix_d7f801932ebfc3226b51a346e6115af67ccae32b_assignment.FlightData object at 0x7f67a8f7d990>, <unusual_prefix_d7f801932ebfc3226b51a346e6115af67ccae32b_assignment.FlightData object at 0x7f67a8f7d9d0>, <unusual_prefix_d7f801932ebfc3226b51a346e6115af67ccae32b_assignment.FlightData object at 0x7f67a8f7da10>, <unusual_prefix_d7f801932ebfc3226b51a346e6115af67ccae32b_assignment.FlightData object at 0x7f67a8f7da50>, <unusual_prefix_d7f801932ebfc3226b51a346e6115af67ccae32b_assignment.FlightData object at 0x7f67a8f7da90>, <unusual_prefix_d7f801932ebfc3226b51a346e6115af67ccae32b_assignment.FlightData object at 0x7f67a8f7dad0>, <unusual_prefix_d7f801932ebfc3226b51a346e6115af67ccae32b_assignment.FlightData object at 0x7f67a8f7db10>, <unusual_prefix_d7f801932ebfc3226b51a346e6115af67ccae32b_assignment.FlightData object at 0x7f67a8f7db50>, <unusual_prefix_d7f801932ebfc3226b51a346e6115af67ccae32b_assignment.FlightData object at 0x7f67a8f7db90>, <unusual_prefix_d7f801932ebfc3226b51a346e6115af67ccae32b_assignment.FlightData object at 0x7f67a8f7dbd0>, <unusual_prefix_d7f801932ebfc3226b51a346e6115af67ccae32b_assignment.FlightData object at 0x7f67a8f7dc10>, <unusual_prefix_d7f801932ebfc3226b51a346e6115af67ccae32b_assignment.FlightData object at 0x7f67a8f7dc50>, <unusual_prefix_d7f801932ebfc3226b51a346e6115af67ccae32b_assignment.FlightData object at 0x7f67a8f7dc90>, <unusual_prefix_d7f801932ebfc3226b51a346e6115af67ccae32b_assignment.FlightData object at 0x7f67a8f7dcd0>, <unusual_prefix_d7f801932ebfc3226b51a346e6115af67ccae32b_assignment.FlightData object at 0x7f67a8f7dd10>, <unusual_prefix_d7f801932ebfc3226b51a346e6115af67ccae32b_assignment.FlightData object at 0x7f67a8f7dd50>, <unusual_prefix_d7f801932ebfc3226b51a346e6115af67ccae32b_assignment.FlightData object at 0x7f67a8f7dd90>, <unusual_prefix_d7f801932ebfc3226b51a346e6115af67ccae32b_assignment.FlightData object at 0x7f67a8f7ddd0>, <unusual_prefix_d7f801932ebfc3226b51a346e6115af67ccae32b_assignment.FlightData object at 0x7f67a8f7de10>, <unusual_prefix_d7f801932ebfc3226b51a346e6115af67ccae32b_assignment.FlightData object at 0x7f67a8f7de50>, <unusual_prefix_d7f801932ebfc3226b51a346e6115af67ccae32b_assignment.FlightData object at 0x7f67a8f7de90>, <unusual_prefix_d7f801932ebfc3226b51a346e6115af67ccae32b_assignment.FlightData object at 0x7f67a8f7ded0>, <unusual_prefix_d7f801932ebfc3226b51a346e6115af67ccae32b_assignment.FlightData object at 0x7f67a8f7df10>, <unusual_prefix_d7f801932ebfc3226b51a346e6115af67ccae32b_assignment.FlightData object at 0x7f67a8f7df50>, <unusual_prefix_d7f801932ebfc3226b51a346e6115af67ccae32b_assignment.FlightData object at 0x7f67a8f7df90>, <unusual_prefix_d7f801932ebfc3226b51a346e6115af67ccae32b_assignment.FlightData object at 0x7f67a8f7dfd0>, <unusual_prefix_d7f801932ebfc3226b51a346e6115af67ccae32b_assignment.FlightData object at 0x7f67a8f03050>, <unusual_prefix_d7f801932ebfc3226b51a346e6115af67ccae32b_assignment.FlightData object at 0x7f67a8f03090>, <unusual_prefix_d7f801932ebfc3226b51a346e6115af67ccae32b_assignment.FlightData object at 0x7f67a8f030d0>, <unusual_prefix_d7f801932ebfc3226b51a346e6115af67ccae32b_assignment.FlightData object at 0x7f67a8f03110>, <unusual_prefix_d7f801932ebfc3226b51a346e6115af67ccae32b_assignment.FlightData object at 0x7f67a8f03150>, <unusual_prefix_d7f801932ebfc3226b51a346e6115af67ccae32b_assignment.FlightData object at 0x7f67a8f03190>, <unusual_prefix_d7f801932ebfc3226b51a346e6115af67ccae32b_assignment.FlightData object at 0x7f67a8f031d0>, <unusual_prefix_d7f801932ebfc3226b51a346e6115af67ccae32b_assignment.FlightData object at 0x7f67a8f03210>, <unusual_prefix_d7f801932ebfc3226b51a346e6115af67ccae32b_assignment.FlightData object at 0x7f67a8f03250>, <unusual_prefix_d7f801932ebfc3226b51a346e6115af67ccae32b_assignment.FlightData object at 0x7f67a8f03290>, <unusual_prefix_d7f801932ebfc3226b51a346e6115af67ccae32b_assignment.FlightData object at 0x7f67a8f032d0>, <unusual_prefix_d7f801932ebfc3226b51a346e6115af67ccae32b_assignment.FlightData object at 0x7f67a8f03310>, <unusual_prefix_d7f801932ebfc3226b51a346e6115af67ccae32b_assignment.FlightData object at 0x7f67a8f03350>, <unusual_prefix_d7f801932ebfc3226b51a346e6115af67ccae32b_assignment.FlightData object at 0x7f67a8f03390>, <unusual_prefix_d7f801932ebfc3226b51a346e6115af67ccae32b_assignment.FlightData object at 0x7f67a8f033d0>, <unusual_prefix_d7f801932ebfc3226b51a346e6115af67ccae32b_assignment.FlightData object at 0x7f67a8f03410>, <unusual_prefix_d7f801932ebfc3226b51a346e6115af67ccae32b_assignment.FlightData object at 0x7f67a8f03450>, <unusual_prefix_d7f801932ebfc3226b51a346e6115af67ccae32b_assignment.FlightData object at 0x7f67a8f03490>, <unusual_prefix_d7f801932ebfc3226b51a346e6115af67ccae32b_assignment.FlightData object at 0x7f67a8f034d0>, <unusual_prefix_d7f801932ebfc3226b51a346e6115af67ccae32b_assignment.FlightData object at 0x7f67a8f03510>, <unusual_prefix_d7f801932ebfc3226b51a346e6115af67ccae32b_assignment.FlightData object at 0x7f67a8f03550>, <unusual_prefix_d7f801932ebfc3226b51a346e6115af67ccae32b_assignment.FlightData object at 0x7f67a8f03590>, <unusual_prefix_d7f801932ebfc3226b51a346e6115af67ccae32b_assignment.FlightData object at 0x7f67a8f035d0>, <unusual_prefix_d7f801932ebfc3226b51a346e6115af67ccae32b_assignment.FlightData object at 0x7f67a8f03610>, <unusual_prefix_d7f801932ebfc3226b51a346e6115af67ccae32b_assignment.FlightData object at 0x7f67a8f03650>, <unusual_prefix_d7f801932ebfc3226b51a346e6115af67ccae32b_assignment.FlightData object at 0x7f67a8f03690>, <unusual_prefix_d7f801932ebfc3226b51a346e6115af67ccae32b_assignment.FlightData object at 0x7f67a8f036d0>, <unusual_prefix_d7f801932ebfc3226b51a346e6115af67ccae32b_assignment.FlightData object at 0x7f67a8f03710>, <unusual_prefix_d7f801932ebfc3226b51a346e6115af67ccae32b_assignment.FlightData object at 0x7f67a8f03750>, <unusual_prefix_d7f801932ebfc3226b51a346e6115af67ccae32b_assignment.FlightData object at 0x7f67a8f03790>, <unusual_prefix_d7f801932ebfc3226b51a346e6115af67ccae32b_assignment.FlightData object at 0x7f67a8f037d0>, <unusual_prefix_d7f801932ebfc3226b51a346e6115af67ccae32b_assignment.FlightData object at 0x7f67a8f03810>, <unusual_prefix_d7f801932ebfc3226b51a346e6115af67ccae32b_assignment.FlightData object at 0x7f67a8f03850>, <unusual_prefix_d7f801932ebfc3226b51a346e6115af67ccae32b_assignment.FlightData object at 0x7f67a8f03890>, <unusual_prefix_d7f801932ebfc3226b51a346e6115af67ccae32b_assignment.FlightData object at 0x7f67a8f038d0>, <unusual_prefix_d7f801932ebfc3226b51a346e6115af67ccae32b_assignment.FlightData object at 0x7f67a8f03910>, <unusual_prefix_d7f801932ebfc3226b51a346e6115af67ccae32b_assignment.FlightData object at 0x7f67a8f03950>, <unusual_prefix_d7f801932ebfc3226b51a346e6115af67ccae32b_assignment.FlightData object at 0x7f67a8f03990>, <unusual_prefix_d7f801932ebfc3226b51a346e6115af67ccae32b_assignment.FlightData object at 0x7f67a8f039d0>, <unusual_prefix_d7f801932ebfc3226b51a346e6115af67ccae32b_assignment.FlightData object at 0x7f67a8f03a10>, <unusual_prefix_d7f801932ebfc3226b51a346e6115af67ccae32b_assignment.FlightData object at 0x7f67a8f03a50>, <unusual_prefix_d7f801932ebfc3226b51a346e6115af67ccae32b_assignment.FlightData object at 0x7f67a8f03a90>, <unusual_prefix_d7f801932ebfc3226b51a346e6115af67ccae32b_assignment.FlightData object at 0x7f67a8f03ad0>, <unusual_prefix_d7f801932ebfc3226b51a346e6115af67ccae32b_assignment.FlightData object at 0x7f67a8f03b10>, <unusual_prefix_d7f801932ebfc3226b51a346e6115af67ccae32b_assignment.FlightData object at 0x7f67a8f03b50>, <unusual_prefix_d7f801932ebfc3226b51a346e6115af67ccae32b_assignment.FlightData object at 0x7f67a8f03b90>, <unusual_prefix_d7f801932ebfc3226b51a346e6115af67ccae32b_assignment.FlightData object at 0x7f67a8f03bd0>, <unusual_prefix_d7f801932ebfc3226b51a346e6115af67ccae32b_assignment.FlightData object at 0x7f67a8f03c10>, <unusual_prefix_d7f801932ebfc3226b51a346e6115af67ccae32b_assignment.FlightData object at 0x7f67a8f03c50>, <unusual_prefix_d7f801932ebfc3226b51a346e6115af67ccae32b_assignment.FlightData object at 0x7f67a8f03c90>, <unusual_prefix_d7f801932ebfc3226b51a346e6115af67ccae32b_assignment.FlightData object at 0x7f67a8f03cd0>, <unusual_prefix_d7f801932ebfc3226b51a346e6115af67ccae32b_assignment.FlightData object at 0x7f67a8f03d10>, <unusual_prefix_d7f801932ebfc3226b51a346e6115af67ccae32b_assignment.FlightData object at 0x7f67a8f03d50>, <unusual_prefix_d7f801932ebfc3226b51a346e6115af67ccae32b_assignment.FlightData object at 0x7f67a8f03d90>, <unusual_prefix_d7f801932ebfc3226b51a346e6115af67ccae32b_assignment.FlightData object at 0x7f67a8f03dd0>, <unusual_prefix_d7f801932ebfc3226b51a346e6115af67ccae32b_assignment.FlightData object at 0x7f67a8f03e10>, <unusual_prefix_d7f801932ebfc3226b51a346e6115af67ccae32b_assignment.FlightData object at 0x7f67a8f03e50>, <unusual_prefix_d7f801932ebfc3226b51a346e6115af67ccae32b_assignment.FlightData object at 0x7f67a8f03e90>, <unusual_prefix_d7f801932ebfc3226b51a346e6115af67ccae32b_assignment.FlightData object at 0x7f67a8f03ed0>, <unusual_prefix_d7f801932ebfc3226b51a346e6115af67ccae32b_assignment.FlightData object at 0x7f67a8f03f10>, <unusual_prefix_d7f801932ebfc3226b51a346e6115af67ccae32b_assignment.FlightData object at 0x7f67a8f03f50>, <unusual_prefix_d7f801932ebfc3226b51a346e6115af67ccae32b_assignment.FlightData object at 0x7f67a8f03f90>], 'num_departures': 184}
[2023-07-08T10:57:59.522+0000] {xcom.py:640} ERROR - Object of type FlightData is not JSON serializable. If you are using pickle instead of JSON for XCom, then you need to enable pickle support for XCom in your *** config or make sure to decorate your object with attr.
[2023-07-08T10:57:59.527+0000] {taskinstance.py:1824} ERROR - Task failed with exception
Traceback (most recent call last):
  File "/home/airflow/.local/lib/python3.7/site-packages/airflow/utils/json.py", line 91, in default
    return serialize(o)
  File "/home/airflow/.local/lib/python3.7/site-packages/airflow/serialization/serde.py", line 171, in serialize
    raise TypeError(f"cannot serialize object of type {cls}")
TypeError: cannot serialize object of type <class 'unusual_prefix_d7f801932ebfc3226b51a346e6115af67ccae32b_assignment.FlightData'>

During handling of the above exception, another exception occurred:

Traceback (most recent call last):
  File "/home/airflow/.local/lib/python3.7/site-packages/airflow/decorators/base.py", line 221, in execute
    return self._handle_output(return_value=return_value, context=context, xcom_push=self.xcom_push)
  File "/home/airflow/.local/lib/python3.7/site-packages/airflow/decorators/base.py", line 251, in _handle_output
    xcom_push(context, key, value)
  File "/home/airflow/.local/lib/python3.7/site-packages/airflow/models/baseoperator.py", line 1453, in xcom_push
    context["ti"].xcom_push(key=key, value=value, execution_date=execution_date)
  File "/home/airflow/.local/lib/python3.7/site-packages/airflow/utils/session.py", line 76, in wrapper
    return func(*args, session=session, **kwargs)
  File "/home/airflow/.local/lib/python3.7/site-packages/airflow/models/taskinstance.py", line 2361, in xcom_push
    session=session,
  File "/home/airflow/.local/lib/python3.7/site-packages/airflow/utils/session.py", line 73, in wrapper
    return func(*args, **kwargs)
  File "/home/airflow/.local/lib/python3.7/site-packages/airflow/models/xcom.py", line 243, in set
    map_index=map_index,
  File "/home/airflow/.local/lib/python3.7/site-packages/airflow/models/xcom.py", line 632, in serialize_value
    return json.dumps(value, cls=XComEncoder).encode("UTF-8")
  File "/usr/local/lib/python3.7/json/__init__.py", line 238, in dumps
    **kw).encode(obj)
  File "/home/airflow/.local/lib/python3.7/site-packages/airflow/utils/json.py", line 104, in encode
    return super().encode(o)
  File "/usr/local/lib/python3.7/json/encoder.py", line 199, in encode
    chunks = self.iterencode(o, _one_shot=True)
  File "/usr/local/lib/python3.7/json/encoder.py", line 257, in iterencode
    return _iterencode(o, 0)
  File "/home/airflow/.local/lib/python3.7/site-packages/airflow/utils/json.py", line 93, in default
    return super().default(o)
  File "/usr/local/lib/python3.7/json/encoder.py", line 179, in default
    raise TypeError(f'Object of type {o.__class__.__name__} '
TypeError: Object of type FlightData is not JSON serializable
[2023-07-08T10:57:59.543+0000] {taskinstance.py:1350} INFO - Marking task as FAILED. dag_id=assignment, task_id=get_departed_flights_from_cdg, execution_date=20230708T105757, start_date=20230708T105758, end_date=20230708T105759
[2023-07-08T10:57:59.565+0000] {standard_task_runner.py:109} ERROR - Failed to execute job 51 for task get_departed_flights_from_cdg (Object of type FlightData is not JSON serializable; 385)
[2023-07-08T10:57:59.596+0000] {local_task_job_runner.py:225} INFO - Task exited with return code 1
[2023-07-08T10:57:59.633+0000] {taskinstance.py:2653} INFO - 0 downstream tasks scheduled from follow-on schedule check
